[INFO] Scanning for projects...
[INFO] 
[INFO] ------------------------< com.javajava:project >------------------------
[INFO] Building project 0.0.1-SNAPSHOT
[INFO]   from pom.xml
[INFO] --------------------------------[ jar ]---------------------------------
[INFO] 
[INFO] >>> spring-boot:3.5.12-SNAPSHOT:run (default-cli) > test-compile @ project >>>
[INFO] 
[INFO] --- resources:3.3.1:resources (default-resources) @ project ---
[INFO] Copying 1 resource from src\main\resources to target\classes
[INFO] Copying 0 resource from src\main\resources to target\classes
[INFO] 
[INFO] --- compiler:3.14.1:compile (default-compile) @ project ---
[INFO] Nothing to compile - all classes are up to date.
[INFO] 
[INFO] --- resources:3.3.1:testResources (default-testResources) @ project ---
[INFO] skip non existing resourceDirectory C:\fullstack\javajavaproject\FullStack-JavaBootCamp-BackEnd\src\test\resources
[INFO] 
[INFO] --- compiler:3.14.1:testCompile (default-testCompile) @ project ---
[INFO] Nothing to compile - all classes are up to date.
[INFO] 
[INFO] <<< spring-boot:3.5.12-SNAPSHOT:run (default-cli) < test-compile @ project <<<
[INFO] 
[INFO] 
[INFO] --- spring-boot:3.5.12-SNAPSHOT:run (default-cli) @ project ---
[INFO] Attaching agents: []

  .   ____          _            __ _ _
 /\\ / ___'_ __ _ _(_)_ __  __ _ \ \ \ \
( ( )\___ | '_ | '_| | '_ \/ _` | \ \ \ \
 \\/  ___)| |_)| | | | | || (_| |  ) ) ) )
  '  |____| .__|_| |_|_| |_\__, | / / / /
 =========|_|==============|___/=/_/_/_/

 :: Spring Boot ::      (v3.5.12-SNAPSHOT)

2026-03-21T14:48:43.429+09:00  INFO 35700 --- [project] [           main] c.javajava.project.ProjectApplication    : Starting ProjectApplication using Java 17.0.17 with PID 35700 (C:\fullstack\javajavaproject\FullStack-JavaBootCamp-BackEnd\target\classes started by dkdld in C:\fullstack\javajavaproject\FullStack-JavaBootCamp-BackEnd)
2026-03-21T14:48:43.436+09:00  INFO 35700 --- [project] [           main] c.javajava.project.ProjectApplication    : No active profile set, falling back to 1 default profile: "default"
2026-03-21T14:48:44.992+09:00  INFO 35700 --- [project] [           main] .s.d.r.c.RepositoryConfigurationDelegate : Bootstrapping Spring Data JPA repositories in DEFAULT mode.
2026-03-21T14:48:45.150+09:00  INFO 35700 --- [project] [           main] .s.d.r.c.RepositoryConfigurationDelegate : Finished Spring Data repository scanning in 144 ms. Found 8 JPA repository interfaces.
2026-03-21T14:48:46.232+09:00  INFO 35700 --- [project] [           main] o.s.b.w.embedded.tomcat.TomcatWebServer  : Tomcat initialized with port 8080 (http)
2026-03-21T14:48:46.262+09:00  INFO 35700 --- [project] [           main] o.apache.catalina.core.StandardService   : Starting service [Tomcat]
2026-03-21T14:48:46.262+09:00  INFO 35700 --- [project] [           main] o.apache.catalina.core.StandardEngine    : Starting Servlet engine: [Apache Tomcat/10.1.52]
2026-03-21T14:48:46.415+09:00  INFO 35700 --- [project] [           main] o.a.c.c.C.[Tomcat].[localhost].[/]       : Initializing Spring embedded WebApplicationContext
2026-03-21T14:48:46.419+09:00  INFO 35700 --- [project] [           main] w.s.c.ServletWebServerApplicationContext : Root WebApplicationContext: initialization completed in 2864 ms
2026-03-21T14:48:46.949+09:00  INFO 35700 --- [project] [           main] o.hibernate.jpa.internal.util.LogHelper  : HHH000204: Processing PersistenceUnitInfo [name: default]
2026-03-21T14:48:47.047+09:00  INFO 35700 --- [project] [           main] org.hibernate.Version                    : HHH000412: Hibernate ORM core version 6.6.44.Final
2026-03-21T14:48:47.110+09:00  INFO 35700 --- [project] [           main] o.h.c.internal.RegionFactoryInitiator    : HHH000026: Second-level cache disabled
2026-03-21T14:48:47.719+09:00  INFO 35700 --- [project] [           main] o.s.o.j.p.SpringPersistenceUnitInfo      : No LoadTimeWeaver setup: ignoring JPA class transformer
2026-03-21T14:48:47.801+09:00  INFO 35700 --- [project] [           main] com.zaxxer.hikari.HikariDataSource       : HikariPool-1 - Starting...
2026-03-21T14:48:48.858+09:00  INFO 35700 --- [project] [           main] com.zaxxer.hikari.pool.HikariPool        : HikariPool-1 - Added connection oracle.jdbc.driver.T4CConnection@553ce348
2026-03-21T14:48:48.861+09:00  INFO 35700 --- [project] [           main] com.zaxxer.hikari.HikariDataSource       : HikariPool-1 - Start completed.
2026-03-21T14:48:49.555+09:00  INFO 35700 --- [project] [           main] org.hibernate.orm.connections.pooling    : HHH10001005: Database info:
	Database JDBC URL [Connecting through datasource 'HikariDataSource (HikariPool-1)']
	Database driver: undefined/unknown
	Database version: 11.2
	Autocommit mode: undefined/unknown
	Isolation level: undefined/unknown
	Minimum pool size: undefined/unknown
	Maximum pool size: undefined/unknown
2026-03-21T14:48:51.393+09:00  INFO 35700 --- [project] [           main] o.h.e.t.j.p.i.JtaPlatformInitiator       : HHH000489: No JTA platform available (set 'hibernate.transaction.jta.platform' to enable JTA platform integration)
2026-03-21T14:48:54.552+09:00  INFO 35700 --- [project] [           main] j.LocalContainerEntityManagerFactoryBean : Initialized JPA EntityManagerFactory for persistence unit 'default'
2026-03-21T14:48:55.092+09:00  INFO 35700 --- [project] [           main] o.s.d.j.r.query.QueryEnhancerFactory     : Hibernate is in classpath; If applicable, HQL parser will be used.
2026-03-21T14:48:56.504+09:00  WARN 35700 --- [project] [           main] JpaBaseConfiguration$JpaWebConfiguration : spring.jpa.open-in-view is enabled by default. Therefore, database queries may be performed during view rendering. Explicitly configure spring.jpa.open-in-view to disable this warning
2026-03-21T14:48:56.825+09:00  WARN 35700 --- [project] [           main] .s.s.UserDetailsServiceAutoConfiguration : 

Using generated security password: 3a2cb38b-10f5-4d5d-971e-23627e4f09f4

This generated password is for development use only. Your security configuration must be updated before running your application in production.

2026-03-21T14:48:56.836+09:00  INFO 35700 --- [project] [           main] r$InitializeUserDetailsManagerConfigurer : Global AuthenticationManager configured with UserDetailsService bean with name inMemoryUserDetailsManager
2026-03-21T14:48:57.304+09:00  WARN 35700 --- [project] [           main] ConfigServletWebServerApplicationContext : Exception encountered during context initialization - cancelling refresh attempt: org.springframework.context.ApplicationContextException: Failed to start bean 'webServerStartStop'
2026-03-21T14:48:57.307+09:00  INFO 35700 --- [project] [           main] j.LocalContainerEntityManagerFactoryBean : Closing JPA EntityManagerFactory for persistence unit 'default'
2026-03-21T14:48:57.311+09:00  INFO 35700 --- [project] [           main] com.zaxxer.hikari.HikariDataSource       : HikariPool-1 - Shutdown initiated...
2026-03-21T14:48:57.516+09:00  INFO 35700 --- [project] [           main] com.zaxxer.hikari.HikariDataSource       : HikariPool-1 - Shutdown completed.
2026-03-21T14:48:57.538+09:00  INFO 35700 --- [project] [           main] .s.b.a.l.ConditionEvaluationReportLogger : 

Error starting ApplicationContext. To display the condition evaluation report re-run your application with 'debug' enabled.
2026-03-21T14:48:57.561+09:00 ERROR 35700 --- [project] [           main] o.s.b.d.LoggingFailureAnalysisReporter   : 

***************************
APPLICATION FAILED TO START
***************************

Description:

Web server failed to start. Port 8080 was already in use.

Action:

Identify and stop the process that's listening on port 8080 or configure this application to listen on another port.

[INFO] ------------------------------------------------------------------------
[INFO] BUILD FAILURE
[INFO] ------------------------------------------------------------------------
[INFO] Total time:  20.665 s
[INFO] Finished at: 2026-03-21T14:48:57+09:00
[INFO] ------------------------------------------------------------------------
[ERROR] Failed to execute goal org.springframework.boot:spring-boot-maven-plugin:3.5.12-SNAPSHOT:run (default-cli) on project project: Process terminated with exit code: 1 -> [Help 1]
[ERROR] 
[ERROR] To see the full stack trace of the errors, re-run Maven with the -e switch.
[ERROR] Re-run Maven using the -X switch to enable full debug logging.
[ERROR] 
[ERROR] For more information about the errors and possible solutions, please read the following articles:
[ERROR] [Help 1] http://cwiki.apache.org/confluence/display/MAVEN/MojoExecutionException
